[    0.000000] Initializing cgroup subsys cpuset
[    0.000000] Initializing cgroup subsys cpu
[    0.000000] Initializing cgroup subsys cpuacct
[    0.000000] Linux version 4.4.0-178-generic (buildd@lgw01-amd64-017) (gcc version 5.4.0 20160609 (Ubuntu 5.4.0-6ubuntu1~16.04.12) ) #208-Ubuntu SMP Sun Apr 5 23:45:10 UTC 2020 (Ubuntu 4.4.0-178.208-generic 4.4.217)
[    0.000000] Command line: BOOT_IMAGE=/boot/vmlinuz-4.4.0-178-generic root=LABEL=cloudimg-rootfs ro console=tty1 console=ttyS0
[    0.000000] KERNEL supported cpus:
[    0.000000]   Intel GenuineIntel
[    0.000000]   AMD AuthenticAMD
[    0.000000]   Centaur CentaurHauls
[    0.000000] x86/fpu: xstate_offset[2]:  576, xstate_sizes[2]:  256
[    0.000000] x86/fpu: Supporting XSAVE feature 0x01: 'x87 floating point registers'
[    0.000000] x86/fpu: Supporting XSAVE feature 0x02: 'SSE registers'
[    0.000000] x86/fpu: Supporting XSAVE feature 0x04: 'AVX registers'
[    0.000000] x86/fpu: Enabled xstate features 0x7, context size is 832 bytes, using 'standard' format.
[    0.000000] e820: BIOS-provided physical RAM map:
[    0.000000] BIOS-e820: [mem 0x0000000000000000-0x000000000009fbff] usable
[    0.000000] BIOS-e820: [mem 0x000000000009fc00-0x000000000009ffff] reserved
[    0.000000] BIOS-e820: [mem 0x00000000000f0000-0x00000000000fffff] reserved
[    0.000000] BIOS-e820: [mem 0x0000000000100000-0x000000003ffeffff] usable
[    0.000000] BIOS-e820: [mem 0x000000003fff0000-0x000000003fffffff] ACPI data
[    0.000000] BIOS-e820: [mem 0x00000000fec00000-0x00000000fec00fff] reserved
[    0.000000] BIOS-e820: [mem 0x00000000fee00000-0x00000000fee00fff] reserved
[    0.000000] BIOS-e820: [mem 0x00000000fffc0000-0x00000000ffffffff] reserved
[    0.000000] NX (Execute Disable) protection: active
[    0.000000] SMBIOS 2.5 present.
[    0.000000] Hypervisor detected: KVM
[    0.000000] e820: last_pfn = 0x3fff0 max_arch_pfn = 0x400000000
[    0.000000] MTRR: Disabled
[    0.000000] x86/PAT: MTRRs disabled, skipping PAT initialization too.
[    0.000000] CPU MTRRs all blank - virtualized system.
[    0.000000] x86/PAT: Configuration [0-7]: WB  WT  UC- UC  WB  WT  UC- UC  
[    0.000000] found SMP MP-table at [mem 0x0009fff0-0x0009ffff] mapped at [ffff88000009fff0]
[    0.000000] Scanning 1 areas for low memory corruption
[    0.000000] RAMDISK: [mem 0x362e0000-0x37167fff]
[    0.000000] ACPI: Early table checksum verification disabled
[    0.000000] ACPI: RSDP 0x00000000000E0000 000024 (v02 VBOX  )
[    0.000000] ACPI: XSDT 0x000000003FFF0030 00003C (v01 VBOX   VBOXXSDT 00000001 ASL  00000061)
[    0.000000] ACPI: FACP 0x000000003FFF00F0 0000F4 (v04 VBOX   VBOXFACP 00000001 ASL  00000061)
[    0.000000] ACPI: DSDT 0x000000003FFF0470 002325 (v02 VBOX   VBOXBIOS 00000002 INTL 20100528)
[    0.000000] ACPI: FACS 0x000000003FFF0200 000040
[    0.000000] ACPI: FACS 0x000000003FFF0200 000040
[    0.000000] ACPI: APIC 0x000000003FFF0240 00005C (v02 VBOX   VBOXAPIC 00000001 ASL  00000061)
[    0.000000] ACPI: SSDT 0x000000003FFF02A0 0001CC (v01 VBOX   VBOXCPUT 00000002 INTL 20100528)
[    0.000000] No NUMA configuration found
[    0.000000] Faking a node at [mem 0x0000000000000000-0x000000003ffeffff]
[    0.000000] NODE_DATA(0) allocated [mem 0x3ffeb000-0x3ffeffff]
[    0.000000] kvm-clock: Using msrs 4b564d01 and 4b564d00
[    0.000000] kvm-clock: cpu 0, msr 0:3ffe3001, primary cpu clock
[    0.000000] kvm-clock: using sched offset of 3723224988 cycles
[    0.000000] clocksource: kvm-clock: mask: 0xffffffffffffffff max_cycles: 0x1cd42e4dffb, max_idle_ns: 881590591483 ns
[    0.000000] Zone ranges:
[    0.000000]   DMA      [mem 0x0000000000001000-0x0000000000ffffff]
[    0.000000]   DMA32    [mem 0x0000000001000000-0x000000003ffeffff]
[    0.000000]   Normal   empty
[    0.000000]   Device   empty
[    0.000000] Movable zone start for each node
[    0.000000] Early memory node ranges
[    0.000000]   node   0: [mem 0x0000000000001000-0x000000000009efff]
[    0.000000]   node   0: [mem 0x0000000000100000-0x000000003ffeffff]
[    0.000000] Initmem setup node 0 [mem 0x0000000000001000-0x000000003ffeffff]
[    0.000000] ACPI: PM-Timer IO Port: 0x4008
[    0.000000] IOAPIC[0]: apic_id 2, version 32, address 0xfec00000, GSI 0-23
[    0.000000] ACPI: INT_SRC_OVR (bus 0 bus_irq 0 global_irq 2 dfl dfl)
[    0.000000] ACPI: INT_SRC_OVR (bus 0 bus_irq 9 global_irq 9 low level)
[    0.000000] Using ACPI (MADT) for SMP configuration information
[    0.000000] smpboot: Allowing 2 CPUs, 0 hotplug CPUs
[    0.000000] PM: Registered nosave memory: [mem 0x00000000-0x00000fff]
[    0.000000] PM: Registered nosave memory: [mem 0x0009f000-0x0009ffff]
[    0.000000] PM: Registered nosave memory: [mem 0x000a0000-0x000effff]
[    0.000000] PM: Registered nosave memory: [mem 0x000f0000-0x000fffff]
[    0.000000] e820: [mem 0x40000000-0xfebfffff] available for PCI devices
[    0.000000] Booting paravirtualized kernel on KVM
[    0.000000] clocksource: refined-jiffies: mask: 0xffffffff max_cycles: 0xffffffff, max_idle_ns: 7645519600211568 ns
[    0.000000] setup_percpu: NR_CPUS:512 nr_cpumask_bits:512 nr_cpu_ids:2 nr_node_ids:1
[    0.000000] PERCPU: Embedded 33 pages/cpu @ffff88003fc00000 s95448 r8192 d31528 u1048576
[    0.000000] Built 1 zonelists in Node order, mobility grouping on.  Total pages: 257912
[    0.000000] Policy zone: DMA32
[    0.000000] Kernel command line: BOOT_IMAGE=/boot/vmlinuz-4.4.0-178-generic root=LABEL=cloudimg-rootfs ro console=tty1 console=ttyS0
[    0.000000] PID hash table entries: 4096 (order: 3, 32768 bytes)
[    0.000000] Memory: 997672K/1048120K available (8626K kernel code, 1336K rwdata, 4036K rodata, 1488K init, 1292K bss, 50448K reserved, 0K cma-reserved)
[    0.000000] SLUB: HWalign=64, Order=0-3, MinObjects=0, CPUs=2, Nodes=1
[    0.000000] Kernel/User page tables isolation: enabled
[    0.000000] Hierarchical RCU implementation.
[    0.000000] 	Build-time adjustment of leaf fanout to 64.
[    0.000000] 	RCU restricting CPUs from NR_CPUS=512 to nr_cpu_ids=2.
[    0.000000] RCU: Adjusting geometry for rcu_fanout_leaf=64, nr_cpu_ids=2
[    0.000000] NR_IRQS:33024 nr_irqs:440 16
[    0.000000] Console: colour VGA+ 80x25
[    0.000000] console [tty1] enabled
[    0.000000] console [ttyS0] enabled
[    0.000000] tsc: Detected 2807.996 MHz processor
[    0.172904] Calibrating delay loop (skipped) preset value.. 5615.99 BogoMIPS (lpj=11231984)
[    0.175021] pid_max: default: 32768 minimum: 301
[    0.176481] ACPI: Core revision 20150930
[    0.179233] ACPI: 2 ACPI AML tables successfully acquired and loaded
[    0.180914] Security Framework initialized
[    0.181925] Yama: becoming mindful.
[    0.182909] AppArmor: AppArmor initialized
[    0.184039] Dentry cache hash table entries: 131072 (order: 8, 1048576 bytes)
[    0.187368] Inode-cache hash table entries: 65536 (order: 7, 524288 bytes)
[    0.188932] Mount-cache hash table entries: 2048 (order: 2, 16384 bytes)
[    0.190392] Mountpoint-cache hash table entries: 2048 (order: 2, 16384 bytes)
[    0.192283] Initializing cgroup subsys io
[    0.193615] Initializing cgroup subsys memory
[    0.194839] Initializing cgroup subsys devices
[    0.195956] Initializing cgroup subsys freezer
[    0.197295] Initializing cgroup subsys net_cls
[    0.198413] Initializing cgroup subsys perf_event
[    0.199528] Initializing cgroup subsys net_prio
[    0.200875] Initializing cgroup subsys hugetlb
[    0.202025] Initializing cgroup subsys pids
[    0.204154] mce: CPU supports 0 MCE banks
[    0.205536] Last level iTLB entries: 4KB 64, 2MB 8, 4MB 8
[    0.207061] Last level dTLB entries: 4KB 64, 2MB 0, 4MB 0, 1GB 4
[    0.208669] Spectre V1 : Mitigation: usercopy/swapgs barriers and __user pointer sanitization
[    0.211060] Spectre V2 : Mitigation: Full generic retpoline
[    0.212370] Spectre V2 : Spectre v2 / SpectreRSB mitigation: Filling RSB on context switch
[    0.214436] Speculative Store Bypass: Vulnerable
[    0.215653] MDS: Vulnerable: Clear CPU buffers attempted, no microcode
[    0.220224] Freeing SMP alternatives memory: 36K
[    0.228050] ftrace: allocating 32308 entries in 127 pages
[    0.293500] smpboot: APIC(0) Converting physical 0 to logical package 0
[    0.295289] smpboot: Max logical packages: 1
[    0.296976] x2apic enabled
[    0.298021] Switched APIC routing to physical x2apic.
[    0.300704] ..TIMER: vector=0x30 apic1=0 pin1=2 apic2=-1 pin2=-1
[    0.410168] smpboot: CPU0: Intel(R) Core(TM) i7-7700HQ CPU @ 2.80GHz (family: 0x6, model: 0x9e, stepping: 0x9)
[    0.412849] Performance Events: unsupported p6 CPU model 158 no PMU driver, software events only.
[    0.424271] KVM setup paravirtual spinlock
[    0.426411] x86: Booting SMP configuration:
[    0.427496] .... node  #0, CPUs:      #1
[    0.428660] kvm-clock: cpu 1, msr 0:3ffe3041, secondary cpu clock
[    0.430880] mce: CPU supports 0 MCE banks
[    0.433543] x86: Booted up 1 node, 2 CPUs
[    0.434823] smpboot: Total of 2 processors activated (11231.98 BogoMIPS)
[    0.436857] devtmpfs: initialized
[    0.439669] evm: security.selinux
[    0.440722] evm: security.SMACK64
[    0.441868] evm: security.SMACK64EXEC
[    0.443160] evm: security.SMACK64TRANSMUTE
[    0.444174] evm: security.SMACK64MMAP
[    0.445173] evm: security.ima
[    0.445975] evm: security.capability
[    0.447351] clocksource: jiffies: mask: 0xffffffff max_cycles: 0xffffffff, max_idle_ns: 7645041785100000 ns
[    0.449900] futex hash table entries: 512 (order: 3, 32768 bytes)
[    0.451933] pinctrl core: initialized pinctrl subsystem
[    0.453244] RTC time:  8:46:10, date: 05/19/20
[    0.454569] NET: Registered protocol family 16
[    0.467696] cpuidle: using governor ladder
[    0.478674] cpuidle: using governor menu
[    0.479787] PCCT header not found.
[    0.480774] ACPI: bus type PCI registered
[    0.481899] acpiphp: ACPI Hot Plug PCI Controller Driver version: 0.5
[    0.483429] PCI: Using configuration type 1 for base access
[    0.500113] ACPI: Added _OSI(Module Device)
[    0.501231] ACPI: Added _OSI(Processor Device)
[    0.502571] ACPI: Added _OSI(3.0 _SCP Extensions)
[    0.503720] ACPI: Added _OSI(Processor Aggregator Device)
[    0.505699] ACPI: Executed 1 blocks of module-level executable AML code
[    0.509950] ACPI: Interpreter enabled
[    0.510887] ACPI: (supports S0 S5)
[    0.511785] ACPI: Using IOAPIC for interrupt routing
[    0.513131] PCI: Using host bridge windows from ACPI; if necessary, use "pci=nocrs" and report a bug
[    0.518996] ACPI: PCI Root Bridge [PCI0] (domain 0000 [bus 00-ff])
[    0.520361] acpi PNP0A03:00: _OSC: OS supports [ASPM ClockPM Segments MSI]
[    0.522316] acpi PNP0A03:00: _OSC: not requesting OS control; OS requires [ExtendedConfig ASPM ClockPM MSI]
[    0.524674] acpi PNP0A03:00: fail to add MMCONFIG information, can't access extended PCI configuration space under this bridge.
[    0.528038] PCI host bridge to bus 0000:00
[    0.529230] pci_bus 0000:00: root bus resource [io  0x0000-0x0cf7 window]
[    0.530793] pci_bus 0000:00: root bus resource [io  0x0d00-0xffff window]
[    0.532244] pci_bus 0000:00: root bus resource [mem 0x000a0000-0x000bffff window]
[    0.534205] pci_bus 0000:00: root bus resource [mem 0x40000000-0xfdffffff window]
[    0.536101] pci_bus 0000:00: root bus resource [bus 00-ff]
[    0.539256] pci 0000:00:01.1: legacy IDE quirk: reg 0x10: [io  0x01f0-0x01f7]
[    0.540766] pci 0000:00:01.1: legacy IDE quirk: reg 0x14: [io  0x03f6]
[    0.542516] pci 0000:00:01.1: legacy IDE quirk: reg 0x18: [io  0x0170-0x0177]
[    0.544284] pci 0000:00:01.1: legacy IDE quirk: reg 0x1c: [io  0x0376]
[    0.569495] pci 0000:00:07.0: quirk: [io  0x4000-0x403f] claimed by PIIX4 ACPI
[    0.571383] pci 0000:00:07.0: quirk: [io  0x4100-0x410f] claimed by PIIX4 SMB
[    0.580144] ACPI: PCI Interrupt Link [LNKA] (IRQs 5 9 10 *11)
[    0.582291] ACPI: PCI Interrupt Link [LNKB] (IRQs 5 9 *10 11)
[    0.584173] ACPI: PCI Interrupt Link [LNKC] (IRQs 5 *9 10 11)
[    0.586167] ACPI: PCI Interrupt Link [LNKD] (IRQs 5 9 10 *11)
[    0.588146] ACPI: Enabled 2 GPEs in block 00 to 07
[    0.589660] vgaarb: setting as boot device: PCI:0000:00:02.0
[    0.590929] vgaarb: device added: PCI:0000:00:02.0,decodes=io+mem,owns=io+mem,locks=none
[    0.593169] vgaarb: loaded
[    0.593985] vgaarb: bridge control possible 0000:00:02.0
[    0.595386] SCSI subsystem initialized
[    0.596437] ACPI: bus type USB registered
[    0.597688] usbcore: registered new interface driver usbfs
[    0.598947] usbcore: registered new interface driver hub
[    0.600178] usbcore: registered new device driver usb
[    0.601969] PCI: Using ACPI for IRQ routing
[    0.610693] NetLabel: Initializing
[    0.611589] NetLabel:  domain hash size = 128
[    0.612714] NetLabel:  protocols = UNLABELED CIPSOv4
[    0.613924] NetLabel:  unlabeled traffic allowed by default
[    0.615474] amd_nb: Cannot enumerate AMD northbridges
[    0.616866] clocksource: Switched to clocksource kvm-clock
[    0.626335] AppArmor: AppArmor Filesystem Enabled
[    0.627538] pnp: PnP ACPI init
[    0.629190] pnp: PnP ACPI: found 3 devices
[    0.639445] clocksource: acpi_pm: mask: 0xffffff max_cycles: 0xffffff, max_idle_ns: 2085701024 ns
[    0.641523] NET: Registered protocol family 2
[    0.643061] TCP established hash table entries: 8192 (order: 4, 65536 bytes)
[    0.644829] TCP bind hash table entries: 8192 (order: 5, 131072 bytes)
[    0.646421] TCP: Hash tables configured (established 8192 bind 8192)
[    0.647801] UDP hash table entries: 512 (order: 2, 16384 bytes)
[    0.649174] UDP-Lite hash table entries: 512 (order: 2, 16384 bytes)
[    0.650585] NET: Registered protocol family 1
[    0.651666] pci 0000:00:00.0: Limiting direct PCI/PCI transfers
[    0.653154] pci 0000:00:01.0: Activating ISA DMA hang workarounds
[    0.654912] Unpacking initramfs...
[    0.871453] Freeing initrd memory: 14880K
[    0.873032] clocksource: tsc: mask: 0xffffffffffffffff max_cycles: 0x2879c1f082b, max_idle_ns: 440795218555 ns
[    0.875456] platform rtc_cmos: registered platform RTC device (no PNP device found)
[    0.878232] Scanning for low memory corruption every 60 seconds
[    0.880988] audit: initializing netlink subsys (disabled)
[    0.882721] audit: type=2000 audit(1589877975.561:1): initialized
[    0.884320] Initialise system trusted keyring
[    0.885802] HugeTLB registered 2 MB page size, pre-allocated 0 pages
[    0.888533] zbud: loaded
[    0.889914] VFS: Disk quotas dquot_6.6.0
[    0.890967] VFS: Dquot-cache hash table entries: 512 (order 0, 4096 bytes)
[    0.893046] squashfs: version 4.0 (2009/01/31) Phillip Lougher
[    0.894690] fuse init (API version 7.23)
[    0.895801] Key type big_key registered
[    0.896795] Allocating IMA MOK and blacklist keyrings.
[    0.900033] Key type asymmetric registered
[    0.900977] Asymmetric key parser 'x509' registered
[    0.902149] Block layer SCSI generic (bsg) driver version 0.4 loaded (major 249)
[    0.904187] io scheduler noop registered
[    0.905135] io scheduler deadline registered (default)
[    0.906303] io scheduler cfq registered
[    0.907268] pci_hotplug: PCI Hot Plug PCI Core version: 0.5
[    0.908459] pciehp: PCI Express Hot Plug Controller Driver version: 0.4
[    0.910331] ACPI: AC Adapter [AC] (on-line)
[    0.911324] input: Power Button as /devices/LNXSYSTM:00/LNXPWRBN:00/input/input0
[    0.913086] ACPI: Power Button [PWRF]
[    0.914116] input: Sleep Button as /devices/LNXSYSTM:00/LNXSLPBN:00/input/input1
[    0.915816] ACPI: Sleep Button [SLPF]
[    0.917487] ACPI: Battery Slot [BAT0] (battery present)
[    0.918610] GHES: HEST is not enabled!
[    0.919655] Serial: 8250/16550 driver, 32 ports, IRQ sharing enabled
[    0.941597] 00:02: ttyS0 at I/O 0x3f8 (irq = 4, base_baud = 115200) is a 16550A
[    0.944953] Linux agpgart interface v0.103
[    0.948222] loop: module loaded
[    0.950050] scsi host0: ata_piix
[    0.951201] scsi host1: ata_piix
[    0.952198] ata1: PATA max UDMA/33 cmd 0x1f0 ctl 0x3f6 bmdma 0xd000 irq 14
[    0.953898] ata2: PATA max UDMA/33 cmd 0x170 ctl 0x376 bmdma 0xd008 irq 15
[    0.955468] libphy: Fixed MDIO Bus: probed
[    0.956579] tun: Universal TUN/TAP device driver, 1.6
[    0.957990] tun: (C) 1999-2004 Max Krasnyansky <maxk@qualcomm.com>
[    0.959848] PPP generic driver version 2.4.2
[    0.960978] ehci_hcd: USB 2.0 'Enhanced' Host Controller (EHCI) Driver
[    0.962529] ehci-pci: EHCI PCI platform driver
[    0.963624] ehci-platform: EHCI generic platform driver
[    0.964868] ohci_hcd: USB 1.1 'Open' Host Controller (OHCI) Driver
[    0.966266] ohci-pci: OHCI PCI platform driver
[    0.967398] ohci-platform: OHCI generic platform driver
[    0.968698] uhci_hcd: USB Universal Host Controller Interface driver
[    0.970217] i8042: PNP: PS/2 Controller [PNP0303:PS2K,PNP0f03:PS2M] at 0x60,0x64 irq 1,12
[    0.972697] serio: i8042 KBD port at 0x60,0x64 irq 1
[    0.974148] serio: i8042 AUX port at 0x60,0x64 irq 12
[    0.975424] mousedev: PS/2 mouse device common for all mice
[    0.977732] rtc_cmos rtc_cmos: rtc core: registered rtc_cmos as rtc0
[    0.979413] rtc_cmos rtc_cmos: alarms up to one day, 114 bytes nvram
[    0.980953] i2c /dev entries driver
[    0.981975] input: AT Translated Set 2 keyboard as /devices/platform/i8042/serio0/input/input2
[    0.984197] device-mapper: uevent: version 1.0.3
[    0.985599] device-mapper: ioctl: 4.34.0-ioctl (2015-10-28) initialised: dm-devel@redhat.com
[    0.987725] ledtrig-cpu: registered to indicate activity on CPUs
[    0.989732] NET: Registered protocol family 10
[    0.991053] NET: Registered protocol family 17
[    0.992306] Key type dns_resolver registered
[    0.993885] registered taskstats version 1
[    0.995097] Loading compiled-in X.509 certificates
[    0.996661] Loaded X.509 cert 'Build time autogenerated kernel key: f33c437cc9123d9712070bdfe932b55b24c56047'
[    0.999086] zswap: loaded using pool lzo/zbud
[    1.002200] Key type trusted registered
[    1.005958] Key type encrypted registered
[    1.007000] AppArmor: AppArmor sha1 policy hashing enabled
[    1.008248] ima: No TPM chip found, activating TPM-bypass!
[    1.010005] ima: Allocated hash algorithm: sha1
[    1.011111] evm: HMAC attrs: 0x1
[    1.012387]   Magic number: 4:504:776
[    1.013556] rtc_cmos rtc_cmos: setting system clock to 2020-05-19 08:46:10 UTC (1589877970)
[    1.015719] BIOS EDD facility v0.16 2004-Jun-25, 0 devices found
[    1.017205] EDD information not available.
[    1.281492] Freeing unused kernel memory: 1488K
[    1.282632] Write protecting the kernel read-only data: 14336k
[    1.284470] Freeing unused kernel memory: 1604K
[    1.285896] Freeing unused kernel memory: 60K
Loading, please wait...
starting version 229
[    1.299838] random: systemd-udevd: uninitialized urandom read (16 bytes read, 3 bits of entropy available)
[    1.300469] random: udevadm: uninitialized urandom read (16 bytes read, 3 bits of entropy available)
[    1.300483] random: udevadm: uninitialized urandom read (16 bytes read, 3 bits of entropy available)
[    1.307414] random: systemd-udevd: uninitialized urandom read (16 bytes read, 3 bits of entropy available)
[    1.308441] random: udevadm: uninitialized urandom read (16 bytes read, 3 bits of entropy available)
[    1.308476] random: udevadm: uninitialized urandom read (16 bytes read, 3 bits of entropy available)
[    1.308596] random: udevadm: uninitialized urandom read (16 bytes read, 3 bits of entropy available)
[    1.308662] random: udevadm: uninitialized urandom read (16 bytes read, 3 bits of entropy available)
[    1.308770] random: udevadm: uninitialized urandom read (16 bytes read, 3 bits of entropy available)
[    1.308900] random: udevadm: uninitialized urandom read (16 bytes read, 3 bits of entropy available)
[    1.348097] Fusion MPT base driver 3.04.20
[    1.349212] Copyright (c) 1999-2008 LSI Corporation
[    1.350474] e1000: Intel(R) PRO/1000 Network Driver - version 7.3.21-k8-NAPI
[    1.352122] e1000: Copyright (c) 1999-2006 Intel Corporation.
[    1.357139] Fusion MPT SPI Host driver 3.04.20
[    1.376247] AVX2 version of gcm_enc/dec engaged.
[    1.377593] AES CTR mode by8 optimization enabled
[    1.562318] input: ImExPS/2 Generic Explorer Mouse as /devices/platform/i8042/serio1/input/input4
[    1.734514] e1000 0000:00:03.0 eth0: (PCI:33MHz:32-bit) 02:bc:94:f1:bf:de
[    1.736098] e1000 0000:00:03.0 eth0: Intel(R) PRO/1000 Network Connection
[    2.117880] e1000 0000:00:08.0 eth1: (PCI:33MHz:32-bit) 08:00:27:56:12:eb
[    2.119373] e1000 0000:00:08.0 eth1: Intel(R) PRO/1000 Network Connection
[    2.122243] e1000 0000:00:03.0 enp0s3: renamed from eth0
[    2.124301] mptbase: ioc0: Initiating bringup
[    2.133384] e1000 0000:00:08.0 enp0s8: renamed from eth1
[    2.410699] ioc0: LSI53C1030 A0: Capabilities={Initiator}
[    4.310566] scsi host2: ioc0: LSI53C1030 A0, FwRev=00000000h, Ports=1, MaxQ=256, IRQ=20
[    5.433396] scsi 2:0:0:0: Direct-Access     VBOX     HARDDISK         1.0  PQ: 0 ANSI: 5
[    5.435437] scsi target2:0:0: Beginning Domain Validation
[    5.438857] scsi target2:0:0: Domain Validation skipping write tests
[    5.440151] scsi target2:0:0: Ending Domain Validation
[    5.441617] scsi target2:0:0: asynchronous
[    5.443285] scsi 2:0:1:0: Direct-Access     VBOX     HARDDISK         1.0  PQ: 0 ANSI: 5
[    5.445113] scsi target2:0:1: Beginning Domain Validation
[    5.461623] scsi target2:0:1: Domain Validation skipping write tests
[    5.462972] scsi target2:0:1: Ending Domain Validation
[    5.464177] scsi target2:0:1: asynchronous
[    5.471949] sd 2:0:0:0: Attached scsi generic sg0 type 0
[    5.473222] sd 2:0:0:0: [sda] 20971520 512-byte logical blocks: (10.7 GB/10.0 GiB)
[    5.475654] sd 2:0:1:0: Attached scsi generic sg1 type 0
[    5.477013] sd 2:0:1:0: [sdb] 20480 512-byte logical blocks: (10.5 MB/10.0 MiB)
[    5.479006] sd 2:0:0:0: [sda] Write Protect is off
[    5.480131] sd 2:0:1:0: [sdb] Write Protect is off
[    5.481467] sd 2:0:0:0: [sda] Incomplete mode parameter data
[    5.482702] sd 2:0:0:0: [sda] Assuming drive cache: write through
[    5.484039] sd 2:0:1:0: [sdb] Incomplete mode parameter data
[    5.485289] sd 2:0:1:0: [sdb] Assuming drive cache: write through
[    5.488168]  sda: sda1
[    5.490022] sd 2:0:0:0: [sda] Attached SCSI disk
[    5.491589] sd 2:0:1:0: [sdb] Attached SCSI disk
Begin: Loading essential drivers ... [    7.735076] md: linear personality registered for level -1
[    7.738685] md: multipath personality registered for level -4
[    7.743845] md: raid0 personality registered for level 0
[    7.749031] md: raid1 personality registered for level 1
[    7.821225] raid6: sse2x1   gen() 10527 MB/s
[    7.889561] raid6: sse2x1   xor()  8291 MB/s
[    7.956894] raid6: sse2x2   gen() 12369 MB/s
[    8.025261] raid6: sse2x2   xor()  9233 MB/s
[    8.093047] raid6: sse2x4   gen() 14415 MB/s
[    8.160887] raid6: sse2x4   xor()  9957 MB/s
[    8.229234] raid6: avx2x1   gen() 19921 MB/s
[    8.297541] raid6: avx2x2   gen() 23475 MB/s
[    8.364915] raid6: avx2x4   gen() 23364 MB/s
[    8.366426] raid6: using algorithm avx2x2 gen() 23475 MB/s
[    8.368129] raid6: using avx2x2 recovery algorithm
[    8.370795] xor: automatically using best checksumming function:
[    8.409310]    avx       : 25720.000 MB/sec
[    8.411951] async_tx: api initialized (async)
[    8.421560] md: raid6 personality registered for level 6
[    8.423215] md: raid5 personality registered for level 5
[    8.425083] md: raid4 personality registered for level 4
[    8.434348] md: raid10 personality registered for level 10
done.
Begin: Running /scripts/init-premount ... done.
Begin: Mounting root file system ... Begin: Running /scripts/local-top ... done.
Begin: Running /scripts/local-premount ... [    8.470297] Btrfs loaded
Scanning for Btrfs filesystems
done.
Warning: fsck not present, so skipping root file system
[    8.505058] EXT4-fs (sda1): mounted filesystem with ordered data mode. Opts: (null)
done.
Begin: Running /scripts/local-bottom ... done.
Begin: Running /scripts/init-bottom ... done.
[    8.628321] systemd[1]: systemd 229 running in system mode. (+PAM +AUDIT +SELINUX +IMA +APPARMOR +SMACK +SYSVINIT +UTMP +LIBCRYPTSETUP +GCRYPT +GNUTLS +ACL +XZ -LZ4 +SECCOMP +BLKID +ELFUTILS +KMOD -IDN)
[    8.633004] systemd[1]: Detected virtualization oracle.
[    8.634468] systemd[1]: Detected architecture x86-64.

Welcome to [1mUbuntu 16.04.6 LTS[0m!

[    8.639194] systemd[1]: Set hostname to <ubuntu>.
[    8.642397] systemd[1]: Initializing machine ID from random generator.
[    8.643857] systemd[1]: Installed transient /etc/machine-id file.
[    8.792412] systemd[1]: Listening on LVM2 poll daemon socket.
[[0;32m  OK  [0m] Listening on LVM2 poll daemon socket.
[    8.794835] systemd[1]: Reached target System Time Synchronized.
[[0;32m  OK  [0m] Reached target System Time Synchronized.
[    8.798166] systemd[1]: Created slice System Slice.
[[0;32m  OK  [0m] Created slice System Slice.
[    8.800844] systemd[1]: Listening on Journal Audit Socket.
[[0;32m  OK  [0m] Listening on Journal Audit Socket.
[    8.803167] systemd[1]: Started Forward Password Requests to Wall Directory Watch.
[[0;32m  OK  [0m] Started Forward Password Requests to Wall Directory Watch.
[    8.806529] systemd[1]: Listening on LVM2 metadata daemon socket.
[[0;32m  OK  [0m] Listening on LVM2 metadata daemon socket.
[    8.809377] systemd[1]: Started Trigger resolvconf update for networkd DNS.
[[0;32m  OK  [0m] Started Trigger resolvconf update for networkd DNS.
[    8.812536] systemd[1]: Created slice system-serial\x2dgetty.slice.
[[0;32m  OK  [0m] Created slice system-serial\x2dgetty.slice.
[    8.816317] systemd[1]: Listening on Device-mapper event daemon FIFOs.
[[0;32m  OK  [0m] Listening on Device-mapper event daemon FIFOs.
[    8.819182] systemd[1]: Listening on Journal Socket (/dev/log).
[[0;32m  OK  [0m] Listening on Journal Socket (/dev/log).
[    8.821621] systemd[1]: Listening on udev Control Socket.
[[0;32m  OK  [0m] Listening on udev Control Socket.
[    8.829128] systemd[1]: Set up automount Arbitrary Executable File Formats File System Automount Point.
[[0;32m  OK  [0m] Set up automount Arbitrary Executab...ats File System Automount Point.
[    8.837532] systemd[1]: Created slice User and Session Slice.
[[0;32m  OK  [0m] Created slice User and Session Slice.
[    8.840008] systemd[1]: Listening on udev Kernel Socket.
[[0;32m  OK  [0m] Listening on udev Kernel Socket.
[    8.842276] systemd[1]: Reached target Encrypted Volumes.
[[0;32m  OK  [0m] Reached target Encrypted Volumes.
[    8.849303] systemd[1]: Reached target Swap.
[[0;32m  OK  [0m] Reached target Swap.
[    8.851026] systemd[1]: Reached target Slices.
[[0;32m  OK  [0m] Reached target Slices.
[    8.857324] systemd[1]: Listening on Journal Socket.
[[0;32m  OK  [0m] Listening on Journal Socket.
[    8.877628] systemd[1]: Mounting POSIX Message Queue File System...
         Mounting POSIX Message Queue File System...
[    8.887490] systemd[1]: Starting Load Kernel Modules...
         Starting Load Kernel Modules...
[    8.897441] Loading iSCSI transport class v2.0-870.
[    8.899313] systemd[1]: Mounting Debug File System...
         Mounting Debug File System...
[    8.902213] systemd[1]: Mounting Huge Pages File System...
         Mounting Huge Pages File System...
[    8.907718] iscsi: registered transport (tcp)
[    8.909812] systemd[1]: Starting Create list of required static device nodes for the current kernel...
         Starting Create list of required st... nodes for the current kernel...
[    8.922773] systemd[1]: Starting Uncomplicated firewall...
         Starting Uncomplicated firewall...
[    8.926093] systemd[1]: Starting Set console keymap...
         Starting Set console keymap...
[    8.929892] systemd[1]: Starting Nameserver information manager...
         Starting Nameserver information manager...
[    8.933345] systemd[1]: Starting Remount Root and Kernel File Systems...
         Starting Remount Root and Kernel File Systems...
[    8.936071] systemd[1]: Reached target User and Group Name Lookups.
[    8.938988] EXT4-fs (sda1): re-mounted. Opts: (null)
[[0;32m  OK  [0m] Reached target User and Group Name Lookups.
[    8.941215] systemd[1]: Starting Monitoring of LVM2 mirrors, snapshots etc. using dmeventd or progress polling...
         Starting Monitoring of LVM2 mirrors... dmeventd or progress polling...
[    8.945051] systemd[1]: Listening on Syslog Socket.
[[0;32m  OK  [0m] Listening on Syslog Socket.
[    8.947807] systemd[1]: Starting Journal Service...
         Starting Journal Service...
[    8.953706] systemd[1]: Listening on /dev/initctl Compatibility Named Pipe.
[[0;32m  OK  [0m] Listening on /dev/initctl Compatibility Named Pipe.
[    8.958337] systemd[1]: Mounted Huge Pages File System.
[[0;32m  OK  [0m] Mounted Huge Pages File System.
[    8.960689] systemd[1]: Mounted Debug File System.
[[0;32m  OK  [0m] Mounted Debug File System.
[    8.963050] systemd[1]: Mounted POSIX Message Queue File System.
[[0;32m  OK  [0m] Mounted POSIX Message Queue File System.
[    8.966236] systemd[1]: Started Create list of required static device nodes for the current kernel.
[[0;32m  OK  [[    8.976206] iscsi: registered transport (iser)
0m] Started Create list of required sta...ce nodes for the current kernel.
[    8.978982] systemd[1]: Started Load Kernel Modules.
[[0;32m  OK  [0m] Started Load Kernel Modules.
[    8.981139] systemd[1]: Started Uncomplicated firewall.
[[0;32m  OK  [0m] Started Uncomplicated firewall.
[    8.983733] systemd[1]: Started Remount Root and Kernel File Systems.
[[0;32m  OK  [0m] Started Remount Root and Kernel File Systems.
[    8.988102] systemd[1]: Started LVM2 metadata daemon.
[[0;32m  OK  [0m] Started LVM2 metadata daemon.
[    8.996703] systemd[1]: Starting udev Coldplug all Devices...
         Starting udev Coldplug all Devices...
[    8.999840] systemd[1]: Starting Load/Save Random Seed...
         Starting Load/Save Random Seed...
[    9.003389] systemd[1]: Starting Apply Kernel Variables...
         Starting Apply Kernel Variables...
[    9.006698] systemd[1]: Mounting FUSE Control File System...
         Mounting FUSE Control File System...
         Starting Create Static Device Nodes in /dev...
[[0;32m  OK  [0m] Mounted FUSE Control File System.
[[0;32m  OK  [0m] Started Journal Service.
[[0;32m  OK  [0m] Started Nameserver information manager.
[[0;32m  OK  [0m] Started Load/Save Random Seed.
[[0;32m  OK  [0m] Started Apply Kernel Variables.
         Starting Flush Journal to Persistent Storage...
[[0;32m  OK  [0m] Started Create Static Device Nodes in /dev.
         Starting udev Kernel Device Manager...
[[0;32m  OK  [0m] Started Flush Journal to Persistent Storage.
[[0;32m  OK  [0m] Started udev Coldplug all Devices.
[[0;32m  OK  [0m] Started Set console keymap.
[[0;32m  OK  [0m] Started udev Kernel Device Manager.
[[0;32m  OK  [0m] Started Dispatch Password Requests to Console Directory Watch.
[[0;32m  OK  [0m] Found device /dev/ttyS0.
[[0;32m  OK  [0m] Listening on Load/Save RF Kill Switch Status /dev/rfkill Watch.
[[0;32m  OK  [0m] Started Monitoring of LVM2 mirrors,...ng dmeventd or progress polling.
[[0;32m  OK  [0m] Reached target Local File Systems (Pre).
[[0;32m  OK  [0m] Reached target Local File Systems.
         Starting LSB: AppArmor initialization...
         Starting Set console font and keymap...
         Starting Create Volatile Files and Directories...
         Starting Initial cloud-init job (pre-networking)...
         Starting Commit a transient machine-id on disk...
         Starting Tell Plymouth To Write Out Runtime Data...
[[0;32m  OK  [0m] Started Create Volatile Files and Directories.
         Starting Update UTMP about System Boot/Shutdown...
[[0;32m  OK  [0m] Started Update UTMP about System Boot/Shutdown.
[[0;32m  OK  [0m] Started Tell Plymouth To Write Out Runtime Data.
[[0;32m  OK  [0m] Started Commit a transient machine-id on disk.
[[0;32m  OK  [0m] Started Set console font and keymap.
[[0;32m  OK  [0m] Created slice system-getty.slice.
[   11.217159] cloud-init[626]: Cloud-init v. 19.4-33-gbb4131a2-0ubuntu1~16.04.1 running 'init-local' at Tue, 19 May 2020 08:46:20 +0000. Up 10.70 seconds.
[[0;32m  OK  [0m] Started Initial cloud-init job (pre-networking).
[[0;32m  OK  [0m] Reached target Network (Pre).
[[0;32m  OK  [0m] Started LSB: AppArmor initialization.
         Starting Raise network interfaces...
[[0;32m  OK  [0m] Started Raise network interfaces.
[[0;32m  OK  [0m] Reached target Network.
         Starting Initial cloud-init job (metadata service crawler)...
[   13.129748] cloud-init[962]: Cloud-init v. 19.4-33-gbb4131a2-0ubuntu1~16.04.1 running 'init' at Tue, 19 May 2020 08:46:22 +0000. Up 12.52 seconds.
[   13.137011] cloud-init[962]: ci-info: ++++++++++++++++++++++++++++++++++++++Net device info+++++++++++++++++++++++++++++++++++++++
[   13.144802] cloud-init[962]: ci-info: +--------+-------+----------------------------+---------------+--------+-------------------+
[   13.152827] cloud-init[962]: ci-info: | Device |   Up  |          Address           |      Mask     | Scope  |     Hw-Address    |
[   13.156413] cloud-init[962]: ci-info: +--------+-------+----------------------------+---------------+--------+-------------------+
[   13.160655] cloud-init[962]: ci-info: | enp0s3 |  True |         10.0.2.15          | 255.255.255.0 | global | 02:bc:94:f1:bf:de |
[   13.162771] cloud-init[962]: ci-info: | enp0s3 |  True | fe80::bc:94ff:fef1:bfde/64 |       .       |  link  | 02:bc:94:f1:bf:de |
[   13.169790] cloud-init[962]: ci-info: | enp0s8 | False |             .              |       .       |   .    | 08:00:27:56:12:eb |
[   13.177454] cloud-init[962]: ci-info: |   lo   |  True |         127.0.0.1          |   255.0.0.0   |  host  |         .         |
[   13.179276] cloud-init[962]: ci-info: |   lo   |  True |          ::1/128           |       .       |  host  |         .         |
[   13.181210] cloud-init[962]: ci-info: +--------+-------+----------------------------+---------------+--------+-------------------+
[   13.188492] cloud-init[962]: ci-info: +++++++++++++++++++++++++++Route IPv4 info++++++++++++++++++++++++++++
[   13.190032] cloud-init[962]: ci-info: +-------+-------------+----------+---------------+-----------+-------+
[   13.191087] cloud-init[962]: ci-info: | Route | Destination | Gateway  |    Genmask    | Interface | Flags |
[   13.192222] cloud-init[962]: ci-info: +-------+-------------+----------+---------------+-----------+-------+
[[0;32m  OK  [0m] Started Initial cloud-init job (metadata service crawler).
[[0;32m  OK  [0m] Reached target System Initialization.
[[0;32m  OK  [0m] Listening on D-Bus System Message Bus Socket.
[   13.195574] cloud-init[962]: ci-info: |   0   |   0.0.0.0   | 10.0.2.2 |    0.0.0.0    |   enp0s3  |   UG  |
[[0;32m  OK  [0m] Started ACPI Events Check.
[[0;32m  OK  [0m] Reached target Paths.
[[0;32m  OK  [0m] Listening on ACPID Listen Socket.
[   13.197813] cloud-init[962]: ci-info: |   1   |   10.0.2.0  | 0.0.0.0  | 255.255.255.0 |   enp0s3  |   U   |
[   13.208231] [cloud-init[0;32m  OK  [0m[962]: ] ci-info: +-------+-------------+----------+---------------+-----------+-------+Started Daily Cleanup of Temporary Directories.

[   13.210156] [[0;32m  OK  [0m] Listening on UUID daemon activation socket.
cloud-init[962]: ci-info: +++++++++++++++++++Route IPv6 info+++++++++++++++++++
[   13.212275]          Starting Socket activation for snappy daemon.
cloud-init[962]: ci-info: +-------+-------------+---------+-----------+-------+
[   13.215077]          cloud-initStarting LXD - unix socket.[962]: 
ci-info: | Route | Destination | Gateway | Interface | Flags |
[   13.216781] [[0;32m  OK  [0m] Started Message of the Day.
[[0;32m  OK  [0m] Started Daily apt download activities.
[[0;32m  OK  [0m] Started Daily apt upgrade and clean activities.
[[0;32m  OK  [0m] Reached target Timers.
cloud-init[962]: ci-info: +-------+-------------+---------+-----------+-------+
[   13.224652] [[0;32m  OK  [0m] Reached target Network is Online.
cloud-init[962]: ci-info: |   0   |  fe80::/64  |    ::   |   enp0s3  |   U   |
         Starting iSCSI initiator daemon (iscsid)...
[[0;32m  OK  [0m] Reached target Cloud-config availability.
[   13.241292] cloud-init[962]: ci-info: |   3   |   ff00::/8  |    ::   |   enp0s3  |   U   |
[[0;32m  OK  [0m] Listening on Socket activation for snappy daemon.
[   13.243570] cloud-init[962]: ci-info: +-------+-------------+---------+-----------+-------+
[   13.246486] cloud-init[962]: Generating public/private rsa key pair.
[[0;32m  OK  [0m] Listening on LXD - unix socket.
[   13.248547] cloud-init[962]: Your identification has been saved in /etc/ssh/ssh_host_rsa_key.
[   13.264884] cloud-init[962]: Your public key has been saved in /etc/ssh/ssh_host_rsa_key.pub.
[[0;32m  OK  [0m] Reached target Sockets.
[[0;32m  OK  [0m] Reached target Basic System.
[   13.269838] cloud-init[962]: The key fingerprint is:
[   13.278386] cloud-init[962]: SHA256:vykn5rJIlCV/a9uiBz3xSiqkdZV1TkIkxFaIPLmb20k root@ubuntu-xenial
[   13.284313] cloud-init[962]: The key's randomart image is:
[   13.286028] cloud-init[962]: +---[RSA 2048]----+
[   13.287508] cloud-init[962]: |     . =o=+      |
         Starting LXD - container startup/shutdown...
[   13.303240] cloud-init[962]: |      = +.o o    |
[   13.305460] cloud-init[962]: |    . .+ o =     |
[   13.307503]          Starting Accounts Service...
cloud-init[962]: |     =. +   .    |
[   13.312699] [[0;32m  OK  [0m] Started Regular background program processing daemon.
         Starting Login Service...
cloud-init[962]: |    o .=So       |
[   13.316380] cloud-init[962]: |   .o =.Eo.      |
[   13.316771] cloud-init[962]: |   +.. Bo+.      |
         Starting System Logging Service...
         Starting Snappy daemon...
[[0;32m  OK  [0m] Started D-Bus System Message Bus.
[   13.320800] cloud-init[962]: |  ....+.Xo.o     |
[   13.330578] cloud-init[962]: |    ..oBo=+      |
[   13.333348] cloud-init[962]: +----[SHA256]-----+
[   13.335350] cloud-init[962]: Generating public/private dsa key pair.
[   13.337944] cloud-init[962]: Your identification has been saved in /etc/ssh/ssh_host_dsa_key.
[   13.344828] cloud-init[962]: Your public key has been saved in /etc/ssh/ssh_host_dsa_key.pub.
[   13.348372] cloud-init[962]: The key fingerprint is:
[   13.350613] cloud-init[962]: SHA256:yy8+eQ5WrFjzyVM/g+oZEFIr2EM6dHDtadMBoSQ7Cyo root@ubuntu-xenial
[   13.352880] cloud-init[962]: The key's randomart image is:
[   13.354356] cloud-init[962]: +---[DSA 1024]----+
[   13.356836] cloud-init[962]: |    +.=.+o       |
[   13.360304] cloud-init[962]: |   . @ o...      |
[   13.363204] cloud-init[962]: |  . * *.oo .     |
[   13.365087] cloud-init[962]: | . . + +=o.      |
[   13.370980] cloud-init[962]: |E   .  .S.o .    |
[   13.375193] cloud-init[962]: |.      + O o o   |
[   13.377402] cloud-init[962]: |      . *.* . +  |
[   13.379738] cloud-init[962]: |       .+o.=   o |
[   13.383926] cloud-init[962]: |       ..**      |
[   13.385468] cloud-init[962]: +----[SHA256]-----+
[   13.392355] cloud-init[962]: Generating public/private ecdsa key pair.
[   13.406223] cloud-init[962]: Your identification has been saved in /etc/ssh/ssh_host_ecdsa_key.
[   13.408314] cloud-init[962]: Your public key has been saved in /etc/ssh/ssh_host_ecdsa_key.pub.
[   13.412658] cloud-init[962]: The key fingerprint is:
[   13.415075] cloud-init[962]: SHA256:wywkIP7XOdKNRfT0K/gQILOern9pe7KjAHwnrPXzsRM root@ubuntu-xenial
[   13.419481] cloud-init[962]: The key's randomart image is:
[   13.421055] cloud-init[962]: +---[ECDSA 256]---+
[   13.422537] cloud-init[962]: |. .  o ..o .     |
[   13.423931]          Starting Pollinate to seed the pseudo random number generator...
[[0;32m  OK  [0m] Started FUSE filesystem for LXC.
cloud-init[962]: |.. .  + o o .    |
[   13.427926] [[0;32m  OK  [0m] Started ACPI event daemon.
cloud-init[962]: | .  ...  o . .   |
[   13.434296] [[0;32m  OK  [0m] Started Deferred execution scheduler.
cloud-init[962]: |. o .o+o= o   .  |
         Starting Virtualbox guest utils...
         Starting /etc/rc.local Compatibility...
         Starting LSB: Record successful boot for GRUB...
         Starting LSB: MD monitoring daemon...
[[0;32m  OK  [0m] Started System Logging Service.
[[0;32m  OK  [0m] Started iSCSI initiator daemon (iscsid).
[[0;32m  OK  [0m] Started /etc/rc.local Compatibility.
[   13.437366] cloud-init[962]: | o * *.*S+ . .   |
[   13.465531] cloud-init[962]: |  = * .E..o .    |
[   13.472823] cloud-init[962]: | . . + .o  .     |
[   13.480272] cloud-init[962]: |    o oBo.       |
[[0;32m  OK  [0m] [   13.496464] cloud-init[962]: |   ..o+=B        |
[   13.498001] cloud-init[962]: +----[SHA256]-----+
[   13.498939] cloud-init[962]: Generating public/private ed25519 key pair.
Started Login Service.
[   13.503311] cloud-init[962]: Your identification has been saved in /etc/ssh/ssh_host_ed25519_key.
[   13.504927] cloud-init[962]: Your public key has been saved in /etc/ssh/ssh_host_ed25519_key.pub.
[   13.506772] cloud-init[962]: The key fingerprint is:
[   13.512614] cloud-init[962]: SHA256:voOGIqXw4BlBEPJgb8K6AIq9MUXrC+BsU9mP/yfjo90 root@ubuntu-xenial
[[0;32m  OK  [0m] Started Unattended Upgrades Shutdown.
         Starting Authenticate and Authorize Users to Run Privileged Tasks...[   13.520784] cloud-init[962]: The key's randomart image is:
         Starting Login to default iSCSI targets...
[[0;32m  OK  [0m] Started LSB: Record successful boot for GRUB.

[   13.548479] cloud-init[962]: +--[ED25519 256]--+
[   13.548845] cloud-init[962]: |*o  .            |
[   13.549771] cloud-init[962]: |++..o.           |
[   13.550626] cloud-init[962]: |+o.=o.           |
[   13.551627] [[0;32m  OK  [0m] Started LSB: MD monitoring daemon.
cloud-init[962]: |B++o  o          |
[   13.562000] cloud-init[962]: |==* .. .S        |
[   13.574168] cloud-init[962]: |=oo= ...         |
[   13.581296] cloud-init[962]: |+=+ .. o.        |
[[0;32m  OK  [0m] Started Authenticate and Authorize Users to Run Privileged Tasks.
[[0;32m  OK  [0m] Started Login to default iSCSI targets.
[[0;32m  OK  [0m] Started Accounts Service.
[   13.590812] cloud-init[962]: |ooo . o +=..     |
[[0;32m  OK  [0m] Reached target Remote File Systems (Pre).
[[0;32m  OK  [0m] Reached target Remote File Systems.
[   13.603347] cloud-init[962]: | . . . .+==E     |
[   13.604917] cloud-init[962]: +----[SHA256]-----+
         Starting LSB: daemon to balance interrupts for SMP systems...
         Starting Permit User Sessions...
         Starting LSB: Set the CPU Frequency Scaling governor to "ondemand"...
         Starting LSB: automatic crash report generation...
[[0;32m  OK  [0m] Started LXD - container startup/shutdown.
[[0;32m  OK  [0m] Started Permit User Sessions.
         Starting Terminate Plymouth Boot Screen...
         Starting Hold until boot process finishes up...
[[0;32m  OK  [0m] Started Hold until boot process finishes up.
[[0;32m  OK  [0m] Started Serial Getty on ttyS0.
[[0;32m  OK  [0m] Started Getty on tty1.
[[0;32m  OK  [0m] Reached target Login Prompts.
         Starting Set console scheme...
[[0;32m  OK  [0m] Started Terminate Plymouth Boot Screen.
[[0;32m  OK  [0m] Started Virtualbox guest utils.
[[0;32m  OK  [0m] Started Set console scheme.
[[0;32m  OK  [0m] Started LSB: automatic crash report generation.
[[0;32m  OK  [0m] Started LSB: Set the CPU Frequency Scaling governor to "ondemand".
[[0;32m  OK  [0m] Started LSB: daemon to balance interrupts for SMP systems.
[[0;32m  OK  [0m] Started Snappy daemon.
         Starting Wait until snapd is fully seeded...
[[0;32m  OK  [0m] Started Wait until snapd is fully seeded.
         Starting Apply the settings specified in cloud-config...
[   16.567956] cloud-init[1303]: Generating locales (this might take a while)...
[   17.819968] cloud-init[1303]:   en_US.UTF-8... done
[   17.821319] cloud-init[1303]: Generation complete.
[   18.150613] cloud-init[1303]: Cloud-init v. 19.4-33-gbb4131a2-0ubuntu1~16.04.1 running 'modules:config' at Tue, 19 May 2020 08:46:26 +0000. Up 16.41 seconds.
[[0;32m  OK  [0m] Started Apply the settings specified in cloud-config.

Ubuntu 16.04.6 LTS ubuntu-xenial ttyS0

ubuntu-xenial login: ci-info: no authorized SSH keys fingerprints found for user ubuntu.
<14>May 19 08:46:34 ec2: 
<14>May 19 08:46:34 ec2: #############################################################
<14>May 19 08:46:34 ec2: -----BEGIN SSH HOST KEY FINGERPRINTS-----
<14>May 19 08:46:34 ec2: 1024 SHA256:yy8+eQ5WrFjzyVM/g+oZEFIr2EM6dHDtadMBoSQ7Cyo root@ubuntu-xenial (DSA)
<14>May 19 08:46:34 ec2: 256 SHA256:wywkIP7XOdKNRfT0K/gQILOern9pe7KjAHwnrPXzsRM root@ubuntu-xenial (ECDSA)
<14>May 19 08:46:34 ec2: 256 SHA256:voOGIqXw4BlBEPJgb8K6AIq9MUXrC+BsU9mP/yfjo90 root@ubuntu-xenial (ED25519)
<14>May 19 08:46:34 ec2: 2048 SHA256:vykn5rJIlCV/a9uiBz3xSiqkdZV1TkIkxFaIPLmb20k root@ubuntu-xenial (RSA)
<14>May 19 08:46:34 ec2: -----END SSH HOST KEY FINGERPRINTS-----
<14>May 19 08:46:34 ec2: #############################################################
-----BEGIN SSH HOST KEY KEYS-----
ecdsa-sha2-nistp256 AAAAE2VjZHNhLXNoYTItbmlzdHAyNTYAAAAIbmlzdHAyNTYAAABBBKuSwv8Ca9fH8qN1rKvKu8QiPC9k3OC5bpX6sqvh9snHZ2lD8GMROTWdD667xmA3jHYCd39dENVGZexcjhCWoGI= root@ubuntu-xenial
ssh-ed25519 AAAAC3NzaC1lZDI1NTE5AAAAIEJFoerYsFJ10cFteZvqIGwtaE/9ksXps+eLutkgWdA0 root@ubuntu-xenial
ssh-rsa AAAAB3NzaC1yc2EAAAADAQABAAABAQCtSFJ05SiOoujl9uVMt6DSQxdv+EkOGbAPiZ/wZYEt+dtpk71qHXcmjkcknwd0dFg2c9vRdMB3HwK9mhosig6lfktVD+U5f6ZmupWEVVOr+1fj/qZzXke/9kVvIePzNlMFeHnBIZX8+I2nnK+eVst61Mvyf7gA7GWu9dByynEDepceO1RqaYWRuE6uJlqU/DVoQCbe/tqmTm44kexRuiPlkWIHL7rkj5lQ8R90IXsV6dg0mNhnm7WhJdanA6WozgQPzg0xw/ZvpQdCLwvDWjLfFoMwhu5Zwb9/3+8H802tm7bm8YXes+7SgpEJ6IkRRw78QUkZn+d4ngmQ1u6OUJq9 root@ubuntu-xenial
-----END SSH HOST KEY KEYS-----
[   24.446557] cloud-init[1359]: Cloud-init v. 19.4-33-gbb4131a2-0ubuntu1~16.04.1 running 'modules:final' at Tue, 19 May 2020 08:46:33 +0000. Up 24.24 seconds.
[   24.446725] cloud-init[1359]: ci-info: no authorized SSH keys fingerprints found for user ubuntu.
[   24.447002] cloud-init[1359]: Cloud-init v. 19.4-33-gbb4131a2-0ubuntu1~16.04.1 finished at Tue, 19 May 2020 08:46:34 +0000. Datasource DataSourceNoCloud [seed=/dev/sdb][dsmode=net].  Up 24.43 seconds
